<?xml version="1.0" encoding="UTF-8"?>
<!-- Generated by org.testng.reporters.JUnitXMLReporter -->
<testsuite ignored="0" hostname="Chaitu-Laptop" failures="0" tests="3" name="PlanitTest" time="11.588" errors="0" timestamp="2022-02-04T02:03:28 AEDT">
  <testcase classname="com.planitselenium.au.TestCase1" name="testSubmitContactdetailsAndFeedBack on com.planitselenium.au.TestCase1" time="4.237"/>
  <testcase classname="com.planitselenium.au.TestCase2" name="testAddTocart" time="3.589"/>
  <testcase classname="com.planitselenium.au.TestCase3" name="addDifferentItemsToCart" time="3.735"/>
</testsuite> <!-- PlanitTest -->
