<?xml version="1.0" encoding="UTF-8"?>
<testng-results ignored="0" total="1" passed="1" failed="0" skipped="0">
  <reporter-output>
  </reporter-output>
  <suite started-at="2022-02-05T18:39:57 AEDT" name="Default suite" finished-at="2022-02-05T18:40:02 AEDT" duration-ms="5082">
    <groups>
    </groups>
    <test started-at="2022-02-05T18:39:57 AEDT" name="Default test" finished-at="2022-02-05T18:40:02 AEDT" duration-ms="5082">
      <class name="com.planitselenium.au.TestCase3">
        <test-method signature="addDifferentItemsToCart()[pri:0, instance:com.planitselenium.au.TestCase3@69e1dd28]" started-at="2022-02-05T18:39:57 AEDT" name="addDifferentItemsToCart" finished-at="2022-02-05T18:40:02 AEDT" duration-ms="5053" status="PASS">
          <reporter-output>
          </reporter-output>
        </test-method> <!-- addDifferentItemsToCart -->
      </class> <!-- com.planitselenium.au.TestCase3 -->
    </test> <!-- Default test -->
  </suite> <!-- Default suite -->
</testng-results>
